
Showing logs for build [32mcb-kubecd-environment-pr-198-38-x5fcm-1[0m stage [32mfrom-build-pack[0m and container [32mstep-credential-initializer-rp4ng[0m
{"level":"warn","ts":1586516813.9372272,"logger":"fallback-logger","caller":"logging/config.go:69","msg":"Fetch GitHub commit ID from kodata failed: \"ref: refs/heads/0.8.0-**-support-backwards-incompats\" is not a valid GitHub commit ID"}
{"level":"info","ts":1586516813.9378655,"logger":"fallback-logger","caller":"creds-init/main.go:40","msg":"Credentials initialized."}

Showing logs for build [32mcb-kubecd-environment-pr-198-38-x5fcm-1[0m stage [32mfrom-build-pack[0m and container [32mstep-working-dir-initializer-n5m5g[0m
{"level":"warn","ts":1586516814.7685456,"logger":"fallback-logger","caller":"logging/config.go:69","msg":"Fetch GitHub commit ID from kodata failed: open /var/run/ko/HEAD: no such file or directory"}
{"level":"info","ts":1586516814.770335,"logger":"fallback-logger","caller":"bash/main.go:64","msg":"Successfully executed command \"sh -c mkdir -p /workspace/source\"; output "}

Showing logs for build [32mcb-kubecd-environment-pr-198-38-x5fcm-1[0m stage [32mfrom-build-pack[0m and container [32mstep-place-tools[0m

Showing logs for build [32mcb-kubecd-environment-pr-198-38-x5fcm-1[0m stage [32mfrom-build-pack[0m and container [32mstep-git-source-cb-kubecd-environment-pr-198-38-x5fcm-qhsgf[0m
{"level":"warn","ts":1586516819.9519095,"logger":"fallback-logger","caller":"logging/config.go:69","msg":"Fetch GitHub commit ID from kodata failed: \"ref: refs/heads/0.8.0-**-support-backwards-incompats\" is not a valid GitHub commit ID"}
{"level":"info","ts":1586516821.0551689,"logger":"fallback-logger","caller":"git/git.go:103","msg":"Successfully cloned https://github.com/cb-kubecd/environment-pr-198-38-boot-vault-gke-staging.git @ master in path /workspace/source"}

Showing logs for build [32mcb-kubecd-environment-pr-198-38-x5fcm-1[0m stage [32mfrom-build-pack[0m and container [32mstep-git-merge[0m
Using SHAs from PULL_REFS=master:edb531177544db15cb98a249523f381702b98d14,2:c3e1b28a0b88e9eebf55a3fdefd8c06253663905
DEBUG: JX_LOG_LEVEL=error LC_ALL=C git fetch origin --unshallow c3e1b28a0b88e9eebf55a3fdefd8c06253663905: edb531177544db15cb98a249523f381702b98d14:
DEBUG: ran git fetch --unshallow origin c3e1b28a0b88e9eebf55a3fdefd8c06253663905: edb531177544db15cb98a249523f381702b98d14: in 
DEBUG: LC_ALL=C JX_LOG_LEVEL=error git branch
DEBUG: LC_ALL=C JX_LOG_LEVEL=error git checkout master
DEBUG: ran git checkout master in 
DEBUG: JX_LOG_LEVEL=error LC_ALL=C git reset --hard edb531177544db15cb98a249523f381702b98d14
DEBUG: ran git reset --hard edb531177544db15cb98a249523f381702b98d14 in 
DEBUG: JX_LOG_LEVEL=error LC_ALL=C git clean -fd .
DEBUG: ran clean --force -d . in 
DEBUG: LC_ALL=C JX_LOG_LEVEL=error git merge c3e1b28a0b88e9eebf55a3fdefd8c06253663905
DEBUG: ran git merge c3e1b28a0b88e9eebf55a3fdefd8c06253663905 in 
DEBUG: JX_LOG_LEVEL=error LC_ALL=C git log --format=%H%x1f%an%x1f%ae%x1f%cn%x1f%ce%x1f%s%n%b%x1e edb531177544db15cb98a249523f381702b98d14..HEAD
Merged SHA c3e1b28a0b88e9eebf55a3fdefd8c06253663905 with commit message 'chore: Promote bdd-nh-1586516509 to version 0.0.1' into base branch master

Showing logs for build [32mcb-kubecd-environment-pr-198-38-x5fcm-1[0m stage [32mfrom-build-pack[0m and container [32mstep-build-helm-build[0m
WARNING: No $CHART_REPOSITORY defined so using the default value of: http://jenkins-x-chartmuseum:8080
Adding missing Helm repo: storage.googleapis.com https://storage.googleapis.com/chartmuseum.jenkins-x.io
WARNING: No secrets found on "helm/repos" due: reading the secret "helm/repos" from vault: no secret "helm/repos" not found in vault
Read credentials for https://storage.googleapis.com/chartmuseum.jenkins-x.io from vault helm/repos
Successfully added Helm repository storage.googleapis.com.
Adding missing Helm repo: jenkins-x-chartmuseum http://jenkins-x-chartmuseum:8080
WARNING: No secrets found on "helm/repos" due: reading the secret "helm/repos" from vault: no secret "helm/repos" not found in vault
Read credentials for http://jenkins-x-chartmuseum:8080 from vault helm/repos
Successfully added Helm repository jenkins-x-chartmuseum.
WARNING: No $CHART_REPOSITORY defined so using the default value of: http://jenkins-x-chartmuseum:8080
Adding missing Helm repo: chartmuseum.jenkins-x.io http://chartmuseum.jenkins-x.io
WARNING: No secrets found on "helm/repos" due: reading the secret "helm/repos" from vault: no secret "helm/repos" not found in vault
Read credentials for http://chartmuseum.jenkins-x.io from vault helm/repos
Successfully added Helm repository chartmuseum.jenkins-x.io.
